<?xml version="1.0" encoding="UTF-8"?>
<!-- Generated by org.testng.reporters.JUnitXMLReporter -->
<testsuite ignored="0" hostname="Admin-PC" failures="0" tests="2" name="Default test" time="91.507" errors="0" timestamp="2022-09-20T17:29:00 EDT">
  <testcase classname="com.nal.qa.testcases.NalHomePageTest" name="myAccountLinkToLoginTest" time="9.303"/>
  <testcase classname="com.nal.qa.testcases.NalHomePageTest" name="myAccountLinkToRegisterTest" time="10.155"/>
</testsuite> <!-- Default test -->
