<?xml version="1.0" encoding="UTF-8"?>
<testng-results ignored="0" total="2" passed="2" failed="0" skipped="0">
  <reporter-output>
  </reporter-output>
  <suite started-at="2022-09-20T17:27:28 EDT" name="Default suite" finished-at="2022-09-20T17:29:00 EDT" duration-ms="91507">
    <groups>
    </groups>
    <test started-at="2022-09-20T17:27:28 EDT" name="Default test" finished-at="2022-09-20T17:29:00 EDT" duration-ms="91507">
      <class name="com.nal.qa.testcases.NalHomePageTest">
        <test-method is-config="true" signature="setUp()[pri:0, instance:com.nal.qa.testcases.NalHomePageTest@3e11f9e9]" started-at="2022-09-20T17:27:29 EDT" name="setUp" finished-at="2022-09-20T17:28:15 EDT" duration-ms="46596" status="PASS">
          <reporter-output>
          </reporter-output>
        </test-method> <!-- setUp -->
        <test-method signature="myAccountLinkToLoginTest()[pri:5, instance:com.nal.qa.testcases.NalHomePageTest@3e11f9e9]" started-at="2022-09-20T17:28:15 EDT" name="myAccountLinkToLoginTest" finished-at="2022-09-20T17:28:25 EDT" duration-ms="9303" status="PASS">
          <reporter-output>
          </reporter-output>
        </test-method> <!-- myAccountLinkToLoginTest -->
        <test-method is-config="true" signature="tearDown()[pri:0, instance:com.nal.qa.testcases.NalHomePageTest@3e11f9e9]" started-at="2022-09-20T17:28:25 EDT" name="tearDown" finished-at="2022-09-20T17:28:27 EDT" duration-ms="2076" status="PASS">
          <reporter-output>
          </reporter-output>
        </test-method> <!-- tearDown -->
        <test-method is-config="true" signature="setUp()[pri:0, instance:com.nal.qa.testcases.NalHomePageTest@3e11f9e9]" started-at="2022-09-20T17:28:27 EDT" name="setUp" finished-at="2022-09-20T17:28:48 EDT" duration-ms="21108" status="PASS">
          <reporter-output>
          </reporter-output>
        </test-method> <!-- setUp -->
        <test-method signature="myAccountLinkToRegisterTest()[pri:6, instance:com.nal.qa.testcases.NalHomePageTest@3e11f9e9]" started-at="2022-09-20T17:28:48 EDT" name="myAccountLinkToRegisterTest" finished-at="2022-09-20T17:28:58 EDT" duration-ms="10155" status="PASS">
          <reporter-output>
          </reporter-output>
        </test-method> <!-- myAccountLinkToRegisterTest -->
        <test-method is-config="true" signature="tearDown()[pri:0, instance:com.nal.qa.testcases.NalHomePageTest@3e11f9e9]" started-at="2022-09-20T17:28:58 EDT" name="tearDown" finished-at="2022-09-20T17:29:00 EDT" duration-ms="1841" status="PASS">
          <reporter-output>
          </reporter-output>
        </test-method> <!-- tearDown -->
      </class> <!-- com.nal.qa.testcases.NalHomePageTest -->
    </test> <!-- Default test -->
  </suite> <!-- Default suite -->
</testng-results>
